build/app/intermediates/manifest_merge_blame_file/release/manifest-merger-blame-release-report.txt
1<?xml version="1.0" encoding="utf-8"?>
2<manifest xmlns:android="http://schemas.android.com/apk/res/android"
3    package="com.example.vip_lounge"
4    android:versionCode="1"
5    android:versionName="1.3.4" >
6
7    <uses-sdk
8        android:minSdkVersion="21"
9        android:targetSdkVersion="34" />
10
11    <uses-permission android:name="android.permission.READ_CALENDAR" />
11-->src\main\AndroidManifest.xml:2:5-72
11-->src\main\AndroidManifest.xml:2:22-69
12    <uses-permission android:name="android.permission.WRITE_CALENDAR" />
12-->src\main\AndroidManifest.xml:3:5-73
12-->src\main\AndroidManifest.xml:3:22-70
13    <uses-permission android:name="android.permission.INTERNET" />
13-->src\main\AndroidManifest.xml:4:5-66
13-->src\main\AndroidManifest.xml:4:22-64
14    <uses-permission android:name="android.permission.RECEIVE_BOOT_COMPLETED" />
14-->src\main\AndroidManifest.xml:5:5-80
14-->src\main\AndroidManifest.xml:5:22-78
15    <uses-permission android:name="android.permission.VIBRATE" />
15-->src\main\AndroidManifest.xml:6:5-66
15-->src\main\AndroidManifest.xml:6:22-63
16    <uses-permission android:name="android.permission.WAKE_LOCK" />
16-->src\main\AndroidManifest.xml:7:5-68
16-->src\main\AndroidManifest.xml:7:22-65
17    <uses-permission android:name="android.permission.USE_FULL_SCREEN_INTENT" />
17-->src\main\AndroidManifest.xml:8:5-81
17-->src\main\AndroidManifest.xml:8:22-78
18    <uses-permission android:name="android.permission.SCHEDULE_EXACT_ALARM" />
18-->src\main\AndroidManifest.xml:9:5-78
18-->src\main\AndroidManifest.xml:9:22-76
19    <uses-permission android:name="android.permission.POST_NOTIFICATIONS" />
19-->src\main\AndroidManifest.xml:10:5-76
19-->src\main\AndroidManifest.xml:10:22-74
20    <uses-permission android:name="android.permission.ACCESS_FINE_LOCATION" />
20-->src\main\AndroidManifest.xml:11:5-79
20-->src\main\AndroidManifest.xml:11:22-76
21    <uses-permission android:name="android.permission.ACCESS_COARSE_LOCATION" />
21-->src\main\AndroidManifest.xml:12:5-81
21-->src\main\AndroidManifest.xml:12:22-78
22    <uses-permission android:name="android.permission.REQUEST_INSTALL_PACKAGES" />
22-->src\main\AndroidManifest.xml:13:5-82
22-->src\main\AndroidManifest.xml:13:22-80
23    <uses-permission android:name="android.permission.WRITE_EXTERNAL_STORAGE" />
23-->src\main\AndroidManifest.xml:14:5-80
23-->src\main\AndroidManifest.xml:14:22-78
24    <uses-permission
24-->src\main\AndroidManifest.xml:15:5-79
25        android:name="android.permission.READ_EXTERNAL_STORAGE"
25-->src\main\AndroidManifest.xml:15:22-77
26        android:maxSdkVersion="32" />
26-->[:file_picker] AndroidManifest.xml:9:9-35
27    <!--
28         Required to query activities that can process text, see:
29         https://developer.android.com/training/package-visibility and
30         https://developer.android.com/reference/android/content/Intent#ACTION_PROCESS_TEXT.
31
32         In particular, this is used by the Flutter engine in io.flutter.plugin.text.ProcessTextPlugin.
33    -->
34    <queries>
34-->src\main\AndroidManifest.xml:53:5-58:15
35        <intent>
35-->src\main\AndroidManifest.xml:54:9-57:18
36            <action android:name="android.intent.action.PROCESS_TEXT" />
36-->src\main\AndroidManifest.xml:55:13-72
36-->src\main\AndroidManifest.xml:55:21-70
37
38            <data android:mimeType="text/plain" />
38-->src\main\AndroidManifest.xml:56:13-50
38-->src\main\AndroidManifest.xml:56:19-48
39        </intent>
40        <intent>
40-->[:file_picker] AndroidManifest.xml:12:9-16:18
41            <action android:name="android.intent.action.GET_CONTENT" />
41-->[:file_picker] AndroidManifest.xml:13:13-72
41-->[:file_picker] AndroidManifest.xml:13:21-69
42
43            <data android:mimeType="*/*" />
43-->src\main\AndroidManifest.xml:56:13-50
43-->src\main\AndroidManifest.xml:56:19-48
44        </intent> <!-- Needs to be explicitly declared on Android R+ -->
45        <package android:name="com.google.android.apps.maps" />
45-->[com.google.android.gms:play-services-maps:18.2.0] AndroidManifest.xml:33:9-64
45-->[com.google.android.gms:play-services-maps:18.2.0] AndroidManifest.xml:33:18-61
46    </queries>
47
48    <uses-permission android:name="android.permission.ACCESS_NETWORK_STATE" /> <!-- Required by older versions of Google Play services to create IID tokens -->
48-->[:firebase_messaging] AndroidManifest.xml:9:5-79
48-->[:firebase_messaging] AndroidManifest.xml:9:22-76
49    <uses-permission android:name="com.google.android.c2dm.permission.RECEIVE" />
49-->[com.google.firebase:firebase-messaging:23.4.1] AndroidManifest.xml:26:5-82
49-->[com.google.firebase:firebase-messaging:23.4.1] AndroidManifest.xml:26:22-79
50
51    <uses-feature
51-->[com.google.android.gms:play-services-maps:18.2.0] AndroidManifest.xml:26:5-28:35
52        android:glEsVersion="0x00020000"
52-->[com.google.android.gms:play-services-maps:18.2.0] AndroidManifest.xml:27:9-41
53        android:required="true" />
53-->[com.google.android.gms:play-services-maps:18.2.0] AndroidManifest.xml:28:9-32
54
55    <uses-permission android:name="com.google.android.providers.gsf.permission.READ_GSERVICES" />
55-->[com.google.android.recaptcha:recaptcha:18.4.0] AndroidManifest.xml:9:5-98
55-->[com.google.android.recaptcha:recaptcha:18.4.0] AndroidManifest.xml:9:22-95
56
57    <permission
57-->[androidx.core:core:1.12.0] AndroidManifest.xml:22:5-24:47
58        android:name="com.example.vip_lounge.DYNAMIC_RECEIVER_NOT_EXPORTED_PERMISSION"
58-->[androidx.core:core:1.12.0] AndroidManifest.xml:23:9-81
59        android:protectionLevel="signature" />
59-->[androidx.core:core:1.12.0] AndroidManifest.xml:24:9-44
60
61    <uses-permission android:name="com.example.vip_lounge.DYNAMIC_RECEIVER_NOT_EXPORTED_PERMISSION" />
61-->[androidx.core:core:1.12.0] AndroidManifest.xml:26:5-97
61-->[androidx.core:core:1.12.0] AndroidManifest.xml:26:22-94
62
63    <application
64        android:name="android.app.Application"
64-->src\main\AndroidManifest.xml:18:9-42
65        android:appComponentFactory="androidx.core.app.CoreComponentFactory"
65-->[androidx.core:core:1.12.0] AndroidManifest.xml:28:18-86
66        android:extractNativeLibs="true"
67        android:icon="@mipmap/ic_launcher"
67-->src\main\AndroidManifest.xml:19:9-43
68        android:label="CELLULAR citi" >
68-->src\main\AndroidManifest.xml:17:9-38
69        <activity
69-->src\main\AndroidManifest.xml:20:9-41:20
70            android:name="com.example.vip_lounge.MainActivity"
70-->src\main\AndroidManifest.xml:21:13-41
71            android:configChanges="orientation|keyboardHidden|keyboard|screenSize|smallestScreenSize|locale|layoutDirection|fontScale|screenLayout|density|uiMode"
71-->src\main\AndroidManifest.xml:26:13-163
72            android:exported="true"
72-->src\main\AndroidManifest.xml:22:13-36
73            android:hardwareAccelerated="true"
73-->src\main\AndroidManifest.xml:27:13-47
74            android:launchMode="singleTop"
74-->src\main\AndroidManifest.xml:23:13-43
75            android:taskAffinity=""
75-->src\main\AndroidManifest.xml:24:13-36
76            android:theme="@style/LaunchTheme"
76-->src\main\AndroidManifest.xml:25:13-47
77            android:windowSoftInputMode="adjustResize" >
77-->src\main\AndroidManifest.xml:28:13-55
78
79            <!--
80                 Specifies an Android theme to apply to this Activity as soon as
81                 the Android process has started. This theme is visible to the user
82                 while the Flutter UI initializes. After that, this theme continues
83                 to determine the Window background behind the Flutter UI.
84            -->
85            <meta-data
85-->src\main\AndroidManifest.xml:33:13-36:17
86                android:name="io.flutter.embedding.android.NormalTheme"
86-->src\main\AndroidManifest.xml:34:15-70
87                android:resource="@style/NormalTheme" />
87-->src\main\AndroidManifest.xml:35:15-52
88
89            <intent-filter>
89-->src\main\AndroidManifest.xml:37:13-40:29
90                <action android:name="android.intent.action.MAIN" />
90-->src\main\AndroidManifest.xml:38:17-68
90-->src\main\AndroidManifest.xml:38:25-66
91
92                <category android:name="android.intent.category.LAUNCHER" />
92-->src\main\AndroidManifest.xml:39:17-76
92-->src\main\AndroidManifest.xml:39:27-74
93            </intent-filter>
94        </activity>
95        <!--
96             Don't delete the meta-data below.
97             This is used by the Flutter tool to generate GeneratedPluginRegistrant.java
98        -->
99        <meta-data
99-->src\main\AndroidManifest.xml:44:9-46:33
100            android:name="flutterEmbedding"
100-->src\main\AndroidManifest.xml:45:13-44
101            android:value="2" />
101-->src\main\AndroidManifest.xml:46:13-30
102
103        <service
103-->[:cloud_firestore] AndroidManifest.xml:8:9-12:19
104            android:name="com.google.firebase.components.ComponentDiscoveryService"
104-->[:cloud_firestore] AndroidManifest.xml:8:18-89
105            android:directBootAware="true"
105-->[com.google.firebase:firebase-common:20.4.3] AndroidManifest.xml:32:13-43
106            android:exported="false" >
106-->[com.google.firebase:firebase-auth:22.3.1] AndroidManifest.xml:68:13-37
107            <meta-data
107-->[:cloud_firestore] AndroidManifest.xml:9:13-11:85
108                android:name="com.google.firebase.components:io.flutter.plugins.firebase.firestore.FlutterFirebaseFirestoreRegistrar"
108-->[:cloud_firestore] AndroidManifest.xml:10:17-134
109                android:value="com.google.firebase.components.ComponentRegistrar" />
109-->[:cloud_firestore] AndroidManifest.xml:11:17-82
110            <meta-data
110-->[:firebase_auth] AndroidManifest.xml:9:13-11:85
111                android:name="com.google.firebase.components:io.flutter.plugins.firebase.auth.FlutterFirebaseAuthRegistrar"
111-->[:firebase_auth] AndroidManifest.xml:10:17-124
112                android:value="com.google.firebase.components.ComponentRegistrar" />
112-->[:firebase_auth] AndroidManifest.xml:11:17-82
113            <meta-data
113-->[:firebase_messaging] AndroidManifest.xml:36:13-38:85
114                android:name="com.google.firebase.components:io.flutter.plugins.firebase.messaging.FlutterFirebaseAppRegistrar"
114-->[:firebase_messaging] AndroidManifest.xml:37:17-128
115                android:value="com.google.firebase.components.ComponentRegistrar" />
115-->[:firebase_messaging] AndroidManifest.xml:38:17-82
116            <meta-data
116-->[:firebase_storage] AndroidManifest.xml:9:13-11:85
117                android:name="com.google.firebase.components:io.flutter.plugins.firebase.storage.FlutterFirebaseAppRegistrar"
117-->[:firebase_storage] AndroidManifest.xml:10:17-126
118                android:value="com.google.firebase.components.ComponentRegistrar" />
118-->[:firebase_storage] AndroidManifest.xml:11:17-82
119            <meta-data
119-->[:firebase_core] AndroidManifest.xml:9:13-11:85
120                android:name="com.google.firebase.components:io.flutter.plugins.firebase.core.FlutterFirebaseCoreRegistrar"
120-->[:firebase_core] AndroidManifest.xml:10:17-124
121                android:value="com.google.firebase.components.ComponentRegistrar" />
121-->[:firebase_core] AndroidManifest.xml:11:17-82
122            <meta-data
122-->[com.google.firebase:firebase-auth:22.3.1] AndroidManifest.xml:69:13-71:85
123                android:name="com.google.firebase.components:com.google.firebase.auth.FirebaseAuthRegistrar"
123-->[com.google.firebase:firebase-auth:22.3.1] AndroidManifest.xml:70:17-109
124                android:value="com.google.firebase.components.ComponentRegistrar" />
124-->[com.google.firebase:firebase-auth:22.3.1] AndroidManifest.xml:71:17-82
125            <meta-data
125-->[com.google.firebase:firebase-firestore:24.11.0] AndroidManifest.xml:17:13-19:85
126                android:name="com.google.firebase.components:com.google.firebase.firestore.FirebaseFirestoreKtxRegistrar"
126-->[com.google.firebase:firebase-firestore:24.11.0] AndroidManifest.xml:18:17-122
127                android:value="com.google.firebase.components.ComponentRegistrar" />
127-->[com.google.firebase:firebase-firestore:24.11.0] AndroidManifest.xml:19:17-82
128            <meta-data
128-->[com.google.firebase:firebase-firestore:24.11.0] AndroidManifest.xml:20:13-22:85
129                android:name="com.google.firebase.components:com.google.firebase.firestore.FirestoreRegistrar"
129-->[com.google.firebase:firebase-firestore:24.11.0] AndroidManifest.xml:21:17-111
130                android:value="com.google.firebase.components.ComponentRegistrar" />
130-->[com.google.firebase:firebase-firestore:24.11.0] AndroidManifest.xml:22:17-82
131            <meta-data
131-->[com.google.firebase:firebase-messaging:23.4.1] AndroidManifest.xml:57:13-59:85
132                android:name="com.google.firebase.components:com.google.firebase.messaging.FirebaseMessagingKtxRegistrar"
132-->[com.google.firebase:firebase-messaging:23.4.1] AndroidManifest.xml:58:17-122
133                android:value="com.google.firebase.components.ComponentRegistrar" />
133-->[com.google.firebase:firebase-messaging:23.4.1] AndroidManifest.xml:59:17-82
134            <meta-data
134-->[com.google.firebase:firebase-messaging:23.4.1] AndroidManifest.xml:60:13-62:85
135                android:name="com.google.firebase.components:com.google.firebase.messaging.FirebaseMessagingRegistrar"
135-->[com.google.firebase:firebase-messaging:23.4.1] AndroidManifest.xml:61:17-119
136                android:value="com.google.firebase.components.ComponentRegistrar" />
136-->[com.google.firebase:firebase-messaging:23.4.1] AndroidManifest.xml:62:17-82
137            <meta-data
137-->[com.google.firebase:firebase-storage:20.3.0] AndroidManifest.xml:30:13-32:85
138                android:name="com.google.firebase.components:com.google.firebase.storage.FirebaseStorageKtxRegistrar"
138-->[com.google.firebase:firebase-storage:20.3.0] AndroidManifest.xml:31:17-118
139                android:value="com.google.firebase.components.ComponentRegistrar" />
139-->[com.google.firebase:firebase-storage:20.3.0] AndroidManifest.xml:32:17-82
140            <meta-data
140-->[com.google.firebase:firebase-storage:20.3.0] AndroidManifest.xml:33:13-35:85
141                android:name="com.google.firebase.components:com.google.firebase.storage.StorageRegistrar"
141-->[com.google.firebase:firebase-storage:20.3.0] AndroidManifest.xml:34:17-107
142                android:value="com.google.firebase.components.ComponentRegistrar" />
142-->[com.google.firebase:firebase-storage:20.3.0] AndroidManifest.xml:35:17-82
143            <meta-data
143-->[com.google.firebase:firebase-installations:17.2.0] AndroidManifest.xml:15:13-17:85
144                android:name="com.google.firebase.components:com.google.firebase.installations.FirebaseInstallationsKtxRegistrar"
144-->[com.google.firebase:firebase-installations:17.2.0] AndroidManifest.xml:16:17-130
145                android:value="com.google.firebase.components.ComponentRegistrar" />
145-->[com.google.firebase:firebase-installations:17.2.0] AndroidManifest.xml:17:17-82
146            <meta-data
146-->[com.google.firebase:firebase-installations:17.2.0] AndroidManifest.xml:18:13-20:85
147                android:name="com.google.firebase.components:com.google.firebase.installations.FirebaseInstallationsRegistrar"
147-->[com.google.firebase:firebase-installations:17.2.0] AndroidManifest.xml:19:17-127
148                android:value="com.google.firebase.components.ComponentRegistrar" />
148-->[com.google.firebase:firebase-installations:17.2.0] AndroidManifest.xml:20:17-82
149            <meta-data
149-->[com.google.firebase:firebase-appcheck:17.1.2] AndroidManifest.xml:25:13-27:85
150                android:name="com.google.firebase.components:com.google.firebase.appcheck.FirebaseAppCheckKtxRegistrar"
150-->[com.google.firebase:firebase-appcheck:17.1.2] AndroidManifest.xml:26:17-120
151                android:value="com.google.firebase.components.ComponentRegistrar" />
151-->[com.google.firebase:firebase-appcheck:17.1.2] AndroidManifest.xml:27:17-82
152            <meta-data
152-->[com.google.firebase:firebase-appcheck:17.1.2] AndroidManifest.xml:28:13-30:85
153                android:name="com.google.firebase.components:com.google.firebase.appcheck.FirebaseAppCheckRegistrar"
153-->[com.google.firebase:firebase-appcheck:17.1.2] AndroidManifest.xml:29:17-117
154                android:value="com.google.firebase.components.ComponentRegistrar" />
154-->[com.google.firebase:firebase-appcheck:17.1.2] AndroidManifest.xml:30:17-82
155            <meta-data
155-->[com.google.firebase:firebase-common-ktx:20.4.3] AndroidManifest.xml:12:13-14:85
156                android:name="com.google.firebase.components:com.google.firebase.ktx.FirebaseCommonLegacyRegistrar"
156-->[com.google.firebase:firebase-common-ktx:20.4.3] AndroidManifest.xml:13:17-116
157                android:value="com.google.firebase.components.ComponentRegistrar" />
157-->[com.google.firebase:firebase-common-ktx:20.4.3] AndroidManifest.xml:14:17-82
158            <meta-data
158-->[com.google.firebase:firebase-common:20.4.3] AndroidManifest.xml:35:13-37:85
159                android:name="com.google.firebase.components:com.google.firebase.FirebaseCommonKtxRegistrar"
159-->[com.google.firebase:firebase-common:20.4.3] AndroidManifest.xml:36:17-109
160                android:value="com.google.firebase.components.ComponentRegistrar" />
160-->[com.google.firebase:firebase-common:20.4.3] AndroidManifest.xml:37:17-82
161            <meta-data
161-->[com.google.firebase:firebase-datatransport:18.1.7] AndroidManifest.xml:27:13-29:85
162                android:name="com.google.firebase.components:com.google.firebase.datatransport.TransportRegistrar"
162-->[com.google.firebase:firebase-datatransport:18.1.7] AndroidManifest.xml:28:17-115
163                android:value="com.google.firebase.components.ComponentRegistrar" />
163-->[com.google.firebase:firebase-datatransport:18.1.7] AndroidManifest.xml:29:17-82
164        </service>
165        <service
165-->[:firebase_messaging] AndroidManifest.xml:14:9-17:72
166            android:name="io.flutter.plugins.firebase.messaging.FlutterFirebaseMessagingBackgroundService"
166-->[:firebase_messaging] AndroidManifest.xml:15:13-107
167            android:exported="false"
167-->[:firebase_messaging] AndroidManifest.xml:16:13-37
168            android:permission="android.permission.BIND_JOB_SERVICE" />
168-->[:firebase_messaging] AndroidManifest.xml:17:13-69
169        <service
169-->[:firebase_messaging] AndroidManifest.xml:18:9-24:19
170            android:name="io.flutter.plugins.firebase.messaging.FlutterFirebaseMessagingService"
170-->[:firebase_messaging] AndroidManifest.xml:19:13-97
171            android:exported="false" >
171-->[:firebase_messaging] AndroidManifest.xml:20:13-37
172            <intent-filter>
172-->[:firebase_messaging] AndroidManifest.xml:21:13-23:29
173                <action android:name="com.google.firebase.MESSAGING_EVENT" />
173-->[:firebase_messaging] AndroidManifest.xml:22:17-78
173-->[:firebase_messaging] AndroidManifest.xml:22:25-75
174            </intent-filter>
175        </service>
176
177        <receiver
177-->[:firebase_messaging] AndroidManifest.xml:26:9-33:20
178            android:name="io.flutter.plugins.firebase.messaging.FlutterFirebaseMessagingReceiver"
178-->[:firebase_messaging] AndroidManifest.xml:27:13-98
179            android:exported="true"
179-->[:firebase_messaging] AndroidManifest.xml:28:13-36
180            android:permission="com.google.android.c2dm.permission.SEND" >
180-->[:firebase_messaging] AndroidManifest.xml:29:13-73
181            <intent-filter>
181-->[:firebase_messaging] AndroidManifest.xml:30:13-32:29
182                <action android:name="com.google.android.c2dm.intent.RECEIVE" />
182-->[:firebase_messaging] AndroidManifest.xml:31:17-81
182-->[:firebase_messaging] AndroidManifest.xml:31:25-78
183            </intent-filter>
184        </receiver>
185
186        <provider
186-->[:firebase_messaging] AndroidManifest.xml:41:9-45:38
187            android:name="io.flutter.plugins.firebase.messaging.FlutterFirebaseMessagingInitProvider"
187-->[:firebase_messaging] AndroidManifest.xml:42:13-102
188            android:authorities="com.example.vip_lounge.flutterfirebasemessaginginitprovider"
188-->[:firebase_messaging] AndroidManifest.xml:43:13-88
189            android:exported="false"
189-->[:firebase_messaging] AndroidManifest.xml:44:13-37
190            android:initOrder="99" />
190-->[:firebase_messaging] AndroidManifest.xml:45:13-35
191        <provider
191-->[:image_picker_android] AndroidManifest.xml:9:9-17:20
192            android:name="io.flutter.plugins.imagepicker.ImagePickerFileProvider"
192-->[:image_picker_android] AndroidManifest.xml:10:13-82
193            android:authorities="com.example.vip_lounge.flutter.image_provider"
193-->[:image_picker_android] AndroidManifest.xml:11:13-74
194            android:exported="false"
194-->[:image_picker_android] AndroidManifest.xml:12:13-37
195            android:grantUriPermissions="true" >
195-->[:image_picker_android] AndroidManifest.xml:13:13-47
196            <meta-data
196-->[:image_picker_android] AndroidManifest.xml:14:13-16:75
197                android:name="android.support.FILE_PROVIDER_PATHS"
197-->[:image_picker_android] AndroidManifest.xml:15:17-67
198                android:resource="@xml/flutter_image_picker_file_paths" />
198-->[:image_picker_android] AndroidManifest.xml:16:17-72
199        </provider> <!-- Trigger Google Play services to install the backported photo picker module. -->
200        <service
200-->[:image_picker_android] AndroidManifest.xml:19:9-31:19
201            android:name="com.google.android.gms.metadata.ModuleDependencies"
201-->[:image_picker_android] AndroidManifest.xml:20:13-78
202            android:enabled="false"
202-->[:image_picker_android] AndroidManifest.xml:21:13-36
203            android:exported="false" >
203-->[:image_picker_android] AndroidManifest.xml:22:13-37
204            <intent-filter>
204-->[:image_picker_android] AndroidManifest.xml:24:13-26:29
205                <action android:name="com.google.android.gms.metadata.MODULE_DEPENDENCIES" />
205-->[:image_picker_android] AndroidManifest.xml:25:17-94
205-->[:image_picker_android] AndroidManifest.xml:25:25-91
206            </intent-filter>
207
208            <meta-data
208-->[:image_picker_android] AndroidManifest.xml:28:13-30:36
209                android:name="photopicker_activity:0:required"
209-->[:image_picker_android] AndroidManifest.xml:29:17-63
210                android:value="" />
210-->[:image_picker_android] AndroidManifest.xml:30:17-33
211        </service>
212
213        <provider
213-->[:open_file_android] AndroidManifest.xml:9:9-19:20
214            android:name="com.crazecoder.openfile.FileProvider"
214-->[:open_file_android] AndroidManifest.xml:10:13-64
215            android:authorities="com.example.vip_lounge.fileProvider.com.crazecoder.openfile"
215-->[:open_file_android] AndroidManifest.xml:11:13-88
216            android:exported="false"
216-->[:open_file_android] AndroidManifest.xml:12:13-37
217            android:grantUriPermissions="true"
217-->[:open_file_android] AndroidManifest.xml:13:13-47
218            android:requestLegacyExternalStorage="true" >
218-->[:open_file_android] AndroidManifest.xml:14:13-56
219            <meta-data
219-->[:image_picker_android] AndroidManifest.xml:14:13-16:75
220                android:name="android.support.FILE_PROVIDER_PATHS"
220-->[:image_picker_android] AndroidManifest.xml:15:17-67
221                android:resource="@xml/filepaths" />
221-->[:image_picker_android] AndroidManifest.xml:16:17-72
222        </provider>
223
224        <activity
224-->[:url_launcher_android] AndroidManifest.xml:8:9-11:74
225            android:name="io.flutter.plugins.urllauncher.WebViewActivity"
225-->[:url_launcher_android] AndroidManifest.xml:9:13-74
226            android:exported="false"
226-->[:url_launcher_android] AndroidManifest.xml:10:13-37
227            android:theme="@android:style/Theme.NoTitleBar.Fullscreen" />
227-->[:url_launcher_android] AndroidManifest.xml:11:13-71
228        <activity
228-->[com.google.firebase:firebase-auth:22.3.1] AndroidManifest.xml:29:9-46:20
229            android:name="com.google.firebase.auth.internal.GenericIdpActivity"
229-->[com.google.firebase:firebase-auth:22.3.1] AndroidManifest.xml:30:13-80
230            android:excludeFromRecents="true"
230-->[com.google.firebase:firebase-auth:22.3.1] AndroidManifest.xml:31:13-46
231            android:exported="true"
231-->[com.google.firebase:firebase-auth:22.3.1] AndroidManifest.xml:32:13-36
232            android:launchMode="singleTask"
232-->[com.google.firebase:firebase-auth:22.3.1] AndroidManifest.xml:33:13-44
233            android:theme="@android:style/Theme.Translucent.NoTitleBar" >
233-->[com.google.firebase:firebase-auth:22.3.1] AndroidManifest.xml:34:13-72
234            <intent-filter>
234-->[com.google.firebase:firebase-auth:22.3.1] AndroidManifest.xml:35:13-45:29
235                <action android:name="android.intent.action.VIEW" />
235-->[com.google.firebase:firebase-auth:22.3.1] AndroidManifest.xml:36:17-69
235-->[com.google.firebase:firebase-auth:22.3.1] AndroidManifest.xml:36:25-66
236
237                <category android:name="android.intent.category.DEFAULT" />
237-->[com.google.firebase:firebase-auth:22.3.1] AndroidManifest.xml:38:17-76
237-->[com.google.firebase:firebase-auth:22.3.1] AndroidManifest.xml:38:27-73
238                <category android:name="android.intent.category.BROWSABLE" />
238-->[com.google.firebase:firebase-auth:22.3.1] AndroidManifest.xml:39:17-78
238-->[com.google.firebase:firebase-auth:22.3.1] AndroidManifest.xml:39:27-75
239
240                <data
240-->src\main\AndroidManifest.xml:56:13-50
241                    android:host="firebase.auth"
242                    android:path="/"
243                    android:scheme="genericidp" />
244            </intent-filter>
245        </activity>
246        <activity
246-->[com.google.firebase:firebase-auth:22.3.1] AndroidManifest.xml:47:9-64:20
247            android:name="com.google.firebase.auth.internal.RecaptchaActivity"
247-->[com.google.firebase:firebase-auth:22.3.1] AndroidManifest.xml:48:13-79
248            android:excludeFromRecents="true"
248-->[com.google.firebase:firebase-auth:22.3.1] AndroidManifest.xml:49:13-46
249            android:exported="true"
249-->[com.google.firebase:firebase-auth:22.3.1] AndroidManifest.xml:50:13-36
250            android:launchMode="singleTask"
250-->[com.google.firebase:firebase-auth:22.3.1] AndroidManifest.xml:51:13-44
251            android:theme="@android:style/Theme.Translucent.NoTitleBar" >
251-->[com.google.firebase:firebase-auth:22.3.1] AndroidManifest.xml:52:13-72
252            <intent-filter>
252-->[com.google.firebase:firebase-auth:22.3.1] AndroidManifest.xml:53:13-63:29
253                <action android:name="android.intent.action.VIEW" />
253-->[com.google.firebase:firebase-auth:22.3.1] AndroidManifest.xml:36:17-69
253-->[com.google.firebase:firebase-auth:22.3.1] AndroidManifest.xml:36:25-66
254
255                <category android:name="android.intent.category.DEFAULT" />
255-->[com.google.firebase:firebase-auth:22.3.1] AndroidManifest.xml:38:17-76
255-->[com.google.firebase:firebase-auth:22.3.1] AndroidManifest.xml:38:27-73
256                <category android:name="android.intent.category.BROWSABLE" />
256-->[com.google.firebase:firebase-auth:22.3.1] AndroidManifest.xml:39:17-78
256-->[com.google.firebase:firebase-auth:22.3.1] AndroidManifest.xml:39:27-75
257
258                <data
258-->src\main\AndroidManifest.xml:56:13-50
259                    android:host="firebase.auth"
260                    android:path="/"
261                    android:scheme="recaptcha" />
262            </intent-filter>
263        </activity>
264
265        <receiver
265-->[com.google.firebase:firebase-messaging:23.4.1] AndroidManifest.xml:29:9-40:20
266            android:name="com.google.firebase.iid.FirebaseInstanceIdReceiver"
266-->[com.google.firebase:firebase-messaging:23.4.1] AndroidManifest.xml:30:13-78
267            android:exported="true"
267-->[com.google.firebase:firebase-messaging:23.4.1] AndroidManifest.xml:31:13-36
268            android:permission="com.google.android.c2dm.permission.SEND" >
268-->[com.google.firebase:firebase-messaging:23.4.1] AndroidManifest.xml:32:13-73
269            <intent-filter>
269-->[:firebase_messaging] AndroidManifest.xml:30:13-32:29
270                <action android:name="com.google.android.c2dm.intent.RECEIVE" />
270-->[:firebase_messaging] AndroidManifest.xml:31:17-81
270-->[:firebase_messaging] AndroidManifest.xml:31:25-78
271            </intent-filter>
272
273            <meta-data
273-->[com.google.firebase:firebase-messaging:23.4.1] AndroidManifest.xml:37:13-39:40
274                android:name="com.google.android.gms.cloudmessaging.FINISHED_AFTER_HANDLED"
274-->[com.google.firebase:firebase-messaging:23.4.1] AndroidManifest.xml:38:17-92
275                android:value="true" />
275-->[com.google.firebase:firebase-messaging:23.4.1] AndroidManifest.xml:39:17-37
276        </receiver>
277        <!--
278             FirebaseMessagingService performs security checks at runtime,
279             but set to not exported to explicitly avoid allowing another app to call it.
280        -->
281        <service
281-->[com.google.firebase:firebase-messaging:23.4.1] AndroidManifest.xml:46:9-53:19
282            android:name="com.google.firebase.messaging.FirebaseMessagingService"
282-->[com.google.firebase:firebase-messaging:23.4.1] AndroidManifest.xml:47:13-82
283            android:directBootAware="true"